<?xml version="1.0" encoding="UTF-8"?>
<!-- Generated by org.testng.reporters.JUnitXMLReporter -->
<testsuite ignored="0" hostname="DESKTOP-AV552BS" failures="0" tests="6" name="Chrome" time="7.285" errors="0" timestamp="2025-09-20T05:39:17 ICT">
  <testcase classname="tests.LoginTests" name="validLogin" time="0.998"/>
  <testcase classname="tests.CartTests" name="addToCartIncrementsBadge" time="1.777"/>
  <testcase classname="tests.CheckoutFlowTests" name="completePurchase" time="2.342"/>
  <testcase classname="tests.LoginTests" name="lockedUserLogin" time="1.229"/>
  <testcase classname="tests.SortingTests" name="sortLowToHigh" time="1.587"/>
  <testcase classname="tests.CheckoutFlowTests" name="missingPostalCode" time="2.624"/>
</testsuite> <!-- Chrome -->
