<?xml version="1.0" encoding="UTF-8"?>
<!-- Generated by org.testng.reporters.JUnitXMLReporter -->
<testsuite ignored="0" hostname="DESKTOP-AV552BS" failures="0" tests="6" name="Chrome" time="7.438" errors="0" timestamp="2025-09-21T03:35:06 ICT">
  <testcase classname="tests.LoginTests" name="validLogin" time="1.362"/>
  <testcase classname="tests.CartTests" name="addToCartIncrementsBadge" time="1.607"/>
  <testcase classname="tests.CheckoutFlowTests" name="completePurchase" time="2.634"/>
  <testcase classname="tests.LoginTests" name="lockedUserLogin" time="1.366"/>
  <testcase classname="tests.SortingTests" name="sortLowToHigh" time="1.828"/>
  <testcase classname="tests.CheckoutFlowTests" name="missingPostalCode" time="1.846"/>
</testsuite> <!-- Chrome -->
