<?xml version="1.0" encoding="UTF-8"?>
<testng-results ignored="0" total="2" passed="2" failed="0" skipped="0">
  <reporter-output>
  </reporter-output>
  <suite started-at="2025-09-17T12:00:45 ICT" name="Surefire suite" finished-at="2025-09-17T12:00:50 ICT" duration-ms="5219">
    <groups>
    </groups>
    <test started-at="2025-09-17T12:00:45 ICT" name="Surefire test" finished-at="2025-09-17T12:00:50 ICT" duration-ms="5219">
      <class name="tests.LoginTests">
        <test-method is-config="true" signature="setup(java.lang.String)[pri:0, instance:tests.LoginTests@d706f19]" started-at="2025-09-17T12:00:45 ICT" name="setup" finished-at="2025-09-17T12:00:47 ICT" duration-ms="1839" status="PASS">
          <params>
            <param index="0">
              <value>
                <![CDATA[chrome]]>
              </value>
            </param>
          </params>
          <reporter-output>
          </reporter-output>
        </test-method> <!-- setup -->
        <test-method signature="lockedUserLogin()[pri:0, instance:tests.LoginTests@d706f19]" started-at="2025-09-17T12:00:47 ICT" name="lockedUserLogin" description="Locked user shows error" finished-at="2025-09-17T12:00:48 ICT" duration-ms="1279" status="PASS">
          <reporter-output>
          </reporter-output>
        </test-method> <!-- lockedUserLogin -->
        <test-method is-config="true" signature="teardown()[pri:0, instance:tests.LoginTests@d706f19]" started-at="2025-09-17T12:00:48 ICT" name="teardown" finished-at="2025-09-17T12:00:48 ICT" duration-ms="144" status="PASS">
          <reporter-output>
          </reporter-output>
        </test-method> <!-- teardown -->
        <test-method is-config="true" signature="setup(java.lang.String)[pri:0, instance:tests.LoginTests@d706f19]" started-at="2025-09-17T12:00:48 ICT" name="setup" finished-at="2025-09-17T12:00:49 ICT" duration-ms="687" status="PASS">
          <params>
            <param index="0">
              <value>
                <![CDATA[chrome]]>
              </value>
            </param>
          </params>
          <reporter-output>
          </reporter-output>
        </test-method> <!-- setup -->
        <test-method signature="validLogin()[pri:0, instance:tests.LoginTests@d706f19]" started-at="2025-09-17T12:00:49 ICT" name="validLogin" description="Valid login lands on inventory page" finished-at="2025-09-17T12:00:50 ICT" duration-ms="1086" status="PASS">
          <reporter-output>
          </reporter-output>
        </test-method> <!-- validLogin -->
        <test-method is-config="true" signature="teardown()[pri:0, instance:tests.LoginTests@d706f19]" started-at="2025-09-17T12:00:50 ICT" name="teardown" finished-at="2025-09-17T12:00:50 ICT" duration-ms="154" status="PASS">
          <reporter-output>
          </reporter-output>
        </test-method> <!-- teardown -->
      </class> <!-- tests.LoginTests -->
    </test> <!-- Surefire test -->
  </suite> <!-- Surefire suite -->
</testng-results>
